生成启动时间为 2019/5/19 23:07:12。
     1>项目“C:\Users\HGX\documents\visual studio 2010\Projects\练习\练习\练习.vcxproj”在节点 2 上(build 个目标)。
     1>InitializeBuildStatus:
         正在创建“Debug\练习.unsuccessfulbuild”，因为已指定“AlwaysCreate”。
       ClCompile:
         C:\Program Files (x86)\Microsoft Visual Studio 10.0\VC\bin\CL.exe /c /ZI /nologo /W3 /WX- /Od /Oy- /D _UNICODE /D UNICODE /Gm /EHsc /RTC1 /MDd /GS /fp:precise /Zc:wchar_t /Zc:forScope /Fo"Debug\\" /Fd"Debug\vc100.pdb" /Gd /TP /analyze- /errorReport:prompt asd.cpp
         asd.cpp
     1>c:\users\hgx\documents\visual studio 2010\projects\练习\练习\asd.cpp(14): warning C4717: “I::loveyou”: 如递归所有控件路径，函数将导致运行时堆栈溢出
       Link:
         C:\Program Files (x86)\Microsoft Visual Studio 10.0\VC\bin\link.exe /ERRORREPORT:PROMPT /OUT:"C:\Users\HGX\documents\visual studio 2010\Projects\练习\Debug\练习.exe" /NOLOGO kernel32.lib user32.lib gdi32.lib winspool.lib comdlg32.lib advapi32.lib shell32.lib ole32.lib oleaut32.lib uuid.lib odbc32.lib odbccp32.lib /MANIFEST /ManifestFile:"Debug\练习.exe.intermediate.manifest" /MANIFESTUAC:"level='asInvoker' uiAccess='false'" /DEBUG /PDB:"C:\Users\HGX\documents\visual studio 2010\Projects\练习\Debug\练习.pdb" /TLBID:1 /DYNAMICBASE /NXCOMPAT /IMPLIB:"C:\Users\HGX\documents\visual studio 2010\Projects\练习\Debug\练习.lib" /MACHINE:X86 Debug\asd.obj
         Debug\MyClass.obj
         Debug\zc.obj
         LINK : 没有找到 C:\Users\HGX\documents\visual studio 2010\Projects\练习\Debug\练习.exe 或上一个增量链接没有生成它；正在执行完全链接
         练习.vcxproj -> C:\Users\HGX\documents\visual studio 2010\Projects\练习\Debug\练习.exe
       Manifest:
         C:\Program Files (x86)\Microsoft SDKs\Windows\v7.0A\bin\mt.exe /nologo /verbose /outputresource:"C:\Users\HGX\documents\visual studio 2010\Projects\练习\Debug\练习.exe;#1" /manifest "Debug\练习.exe.intermediate.manifest"
       FinalizeBuildStatus:
         正在删除文件“Debug\练习.unsuccessfulbuild”。
         正在对“Debug\练习.lastbuildstate”执行 Touch 任务。
     1>已完成生成项目“C:\Users\HGX\documents\visual studio 2010\Projects\练习\练习\练习.vcxproj”(build 个目标)的操作。

生成成功。

已用时间 00:00:01.26
